Building DAG of jobs...
Provided cores: 1 (use --cores to define parallelism)
Rules claiming more threads will be scaled down.
Job counts:
	count	jobs
	1	solve_all_iterations
	3	solve_iterations
	4

[Sat May 29 17:48:17 2021]
rule solve_iterations:
    input: pypsa-eur/networks/elec_s_5_ec_lcopt_Co2L-24H.nc, data/curve.csv, data/costs.csv
    output: iterations/elec_s_5_ec_lcopt_Co2L-24H_0.nc
    log: logs\solve_iterations\elec_s_5_ec_lcopt_Co2L-24H_0_solver.log, logs/solve_iterations/elec_s_5_ec_lcopt_Co2L-24H_0_python.log, logs/solve_iterations/elec_s_5_ec_lcopt_Co2L-24H_0_memory.log
    jobid: 1
    wildcards: iterations=0

[Sat May 29 17:48:31 2021]
Finished job 1.
1 of 4 steps (25%) done

[Sat May 29 17:48:31 2021]
rule solve_iterations:
    input: pypsa-eur/networks/elec_s_5_ec_lcopt_Co2L-24H.nc, iterations/elec_s_5_ec_lcopt_Co2L-24H_0.nc, data/curve.csv, data/costs.csv
    output: iterations/elec_s_5_ec_lcopt_Co2L-24H_1.nc
    log: logs\solve_iterations\elec_s_5_ec_lcopt_Co2L-24H_1_solver.log, logs/solve_iterations/elec_s_5_ec_lcopt_Co2L-24H_1_python.log, logs/solve_iterations/elec_s_5_ec_lcopt_Co2L-24H_1_memory.log
    jobid: 2
    wildcards: iterations=1

[Sat May 29 17:48:45 2021]
Finished job 2.
2 of 4 steps (50%) done

[Sat May 29 17:48:45 2021]
rule solve_iterations:
    input: pypsa-eur/networks/elec_s_5_ec_lcopt_Co2L-24H.nc, iterations/elec_s_5_ec_lcopt_Co2L-24H_1.nc, data/curve.csv, data/costs.csv
    output: iterations/elec_s_5_ec_lcopt_Co2L-24H_2.nc
    log: logs\solve_iterations\elec_s_5_ec_lcopt_Co2L-24H_2_solver.log, logs/solve_iterations/elec_s_5_ec_lcopt_Co2L-24H_2_python.log, logs/solve_iterations/elec_s_5_ec_lcopt_Co2L-24H_2_memory.log
    jobid: 3
    wildcards: iterations=2

[Sat May 29 17:48:59 2021]
Finished job 3.
3 of 4 steps (75%) done

[Sat May 29 17:48:59 2021]
localrule solve_all_iterations:
    input: iterations/elec_s_5_ec_lcopt_Co2L-24H_0.nc, iterations/elec_s_5_ec_lcopt_Co2L-24H_1.nc, iterations/elec_s_5_ec_lcopt_Co2L-24H_2.nc
    jobid: 0

[Sat May 29 17:48:59 2021]
Finished job 0.
4 of 4 steps (100%) done
Complete log: C:\Users\pcpar\Desktop\Tesis\New_Attempt\Independent_convergence\.snakemake\log\2021-05-29T174817.142375.snakemake.log
